<?xml version="1.0" encoding="UTF-8"?>
<!-- Generated by org.testng.reporters.JUnitXMLReporter -->
<testsuite ignored="0" hostname="Nandan-Laptop" failures="1" tests="6" name="Proton Email Test Cases" time="139.6" errors="0" timestamp="2021-07-11T19:51:06 IST">
  <testcase classname="com.email.qa.testcases.TestLoginPage" name="loginPageTitleTest" time="0.023"/>
  <testcase classname="com.email.qa.testcases.TestLoginPage" name="loginTest" time="3.061"/>
  <testcase classname="com.email.qa.testcases.TestInboxPage" name="verifyInboxPageTitleTest" time="15.062"/>
  <testcase classname="com.email.qa.testcases.TestInboxPage" name="verifyIfEmailExistsTest" time="12.714"/>
  <testcase classname="com.email.qa.testcases.TestInboxPage" name="verifySubjectAndBodyTest" time="37.199"/>
  <testcase classname="com.email.qa.testcases.TestInboxPage" name="verifySubjectAndBodyTest" time="35.145">
    <failure type="java.lang.AssertionError" message="The following asserts failed:
	Email 2 contains Email Assignment in Subject but IwaFesW is not present in Body expected [true] but found [false]">
      <![CDATA[java.lang.AssertionError: The following asserts failed:
Email 2 contains Email Assignment in Subject but IwaFesW is not present in Body expected [true] but found [false]
at com.email.qa.testcases.TestInboxPage.verifySubjectAndBodyTest(TestInboxPage.java:123)
at java.base/java.util.ArrayList.forEach(ArrayList.java:1511)
... Removed 29 stack frames]]>
    </failure>
  </testcase> <!-- verifySubjectAndBodyTest -->
</testsuite> <!-- Proton Email Test Cases -->
